<?xml version="1.0" encoding="UTF-8"?>
<testng-results ignored="0" total="1" passed="1" failed="0" skipped="0">
  <reporter-output>
  </reporter-output>
  <suite started-at="2022-01-12T10:37:53 NZDT" name="Default suite" finished-at="2022-01-12T10:37:55 NZDT" duration-ms="1737">
    <groups>
    </groups>
    <test started-at="2022-01-12T10:37:53 NZDT" name="Default test" finished-at="2022-01-12T10:37:55 NZDT" duration-ms="1737">
      <class name="tests.XMLSchemaValidation">
        <test-method signature="schemaValidation()[pri:0, instance:tests.XMLSchemaValidation@44821a96]" started-at="2022-01-12T10:37:53 NZDT" name="schemaValidation" finished-at="2022-01-12T10:37:55 NZDT" duration-ms="1713" status="PASS">
          <reporter-output>
          </reporter-output>
        </test-method> <!-- schemaValidation -->
      </class> <!-- tests.XMLSchemaValidation -->
    </test> <!-- Default test -->
  </suite> <!-- Default suite -->
</testng-results>
